<?xml version="1.0" encoding="UTF-8"?>
<testsuite name="Como QA automation quiero automatizar los diferentes flujos de &quot;Automation Exercise&quot;" tests="1" skipped="0" failures="0" errors="0" timestamp="2023-07-04T03:31:09" hostname="DESKTOP-2JVPB53" time="15.655">
  <properties/>
  <testcase name="Logear cuenta creada en la pagina Automation Exercise" classname="Como QA automation quiero automatizar los diferentes flujos de &quot;Automation Exercise&quot;" time="15.655"/>
  <system-out><![CDATA[?[92m|-- Given que Pablo ingresa a Automation Exercise?[0m
?[92m|---- Pablo opens the browser at https://automationexercise.com/?[0m
?[92m|-- When ingresa las credenciales de ingreso?[0m
?[92m|---- Pablo input login task?[0m
?[92m|------ Pablo clicks on Boton registrar y ingresar?[0m
?[92m|------ Pablo enters 'pablito123@gmail.com' into Email?[0m
?[92m|------ Pablo enters '1234' into ContraseÃ±a ingreso?[0m
?[92m|------ Pablo clicks on BotÃ³n ingreso?[0m
?[92m|-- Then deberÃ­a visualizar en el login "Automation"?[0m
?[92m|---- Then Titulo ingreso should be a string containing 'Automation' ignoring case?[0m
]]></system-out>
  <system-err><![CDATA[[Test worker] INFO io.cucumber.core.plugin.SerenityReporter - Running feature from file:///E:/Automatizaciones/AutomationExcerseSerenityScreenplay/src/test/resources/features/automation.feature
[Test worker] INFO  - 
  _____   ___   ___   _____     ___   _____     _     ___   _____   ___   ___  
 |_   _| | __| / __| |_   _|   / __| |_   _|   /_\   | _ \ |_   _| | __| |   \ 
   | |   | _|  \__ \   | |     \__ \   | |    / _ \  |   /   | |   | _|  | |) |
   |_|   |___| |___/   |_|     |___/   |_|   /_/ \_\ |_|_\   |_|   |___| |___/ 

Logear cuenta creada en la pagina Automation Exercise(como-qa-automation-quiero-automatizar-los-diferentes-flujos-de-"automation-exercise";logear-cuenta-creada-en-la-pagina-automation-exercise)
--------------------------------------------------------------------------------
[Test worker] INFO net.serenitybdd.core.webdriver.driverproviders.DriverProvider - Using WebDriverManager configuration for chrome
[Test worker] INFO io.github.bonigarcia.wdm.WebDriverManager - Using chromedriver 114.0.5735.90 (resolved driver for Chrome 114)
[Test worker] INFO io.github.bonigarcia.wdm.WebDriverManager - Exporting webdriver.chrome.driver as C:\Users\Johoxtum\.cache\selenium\chromedriver\win32\114.0.5735.90\chromedriver.exe
[Test worker] INFO net.serenitybdd.core.webdriver.driverproviders.ChromeDriverProvider - Starting Chrome driver instance with capabilities:
[Test worker] INFO net.serenitybdd.core.webdriver.driverproviders.ChromeDriverProvider - Capabilities {acceptInsecureCerts: false, browserName: chrome, goog:chromeOptions: {args: [--start-maximized, --ignore-certificate-errors, --incognito, --accept-insecure-certs, --acceptSslCerts, --disable-popup-blocking, --disable-infobars, --remote-allow-origins=*], extensions: []}}
Starting ChromeDriver 114.0.5735.90 (386bc09e8f4f2e025eddae123f36f6263096ae49-refs/branch-heads/5735@{#1052}) on port 30305
Only local connections are allowed.
Please see https://chromedriver.chromium.org/security-considerations for suggestions on keeping ChromeDriver safe.
ChromeDriver was started successfully.
jul 03, 2023 10:31:13 PM org.openqa.selenium.devtools.CdpVersionFinder findNearestMatch
ADVERTENCIA: Unable to find an exact match for CDP version 114, so returning the closest version found: 110
[Test worker] INFO  - ?[92m
  _____   ___   ___   _____     ___     _     ___   ___   ___   ___  
 |_   _| | __| / __| |_   _|   | _ \   /_\   / __| / __| | __| |   \ 
   | |   | _|  \__ \   | |     |  _/  / _ \  \__ \ \__ \ | _|  | |) |
   |_|   |___| |___/   |_|     |_|   /_/ \_\ |___/ |___/ |___| |___/ 

Logear cuenta creada en la pagina Automation Exercise
----------------------------------------------------------------------?[0m
]]></system-err>
</testsuite>
